May-29 21:48:35.172 [main] DEBUG nextflow.cli.Launcher - $> nextflow run hla_reads_extraction.nf --sample_id R299996754 --cram_file /data/crams/R299996754.cram --cram_index /data/crams/R299996754.cram.crai --cram_ref /data/reference/GRCh38_full_analysis_set_plus_decoy_hla.fa --outdir kourami_test/
May-29 21:48:35.312 [main] DEBUG nextflow.cli.CmdRun - N E X T F L O W  ~  version 25.10.5
May-29 21:48:35.336 [main] DEBUG nextflow.plugin.PluginsFacade - Setting up plugin manager > mode=prod; embedded=false; plugins-dir=/.nextflow/plugins; core-plugins: nf-amazon@3.4.4,nf-azure@1.20.2,nf-cloudcache@0.5.0,nf-codecommit@0.5.0,nf-console@1.3.0,nf-google@1.23.5,nf-k8s@1.2.2,nf-tower@1.17.6,nf-wave@1.16.1
May-29 21:48:35.362 [main] INFO  o.pf4j.DefaultPluginStatusProvider - Enabled plugins: []
May-29 21:48:35.363 [main] INFO  o.pf4j.DefaultPluginStatusProvider - Disabled plugins: []
May-29 21:48:35.366 [main] INFO  org.pf4j.DefaultPluginManager - PF4J version 3.12.0 in 'deployment' mode
May-29 21:48:35.381 [main] DEBUG nextflow.util.RetryConfig - Missing nextflow session - using default retry config
May-29 21:48:35.526 [main] INFO  org.pf4j.AbstractPluginManager - No plugins
May-29 21:48:35.607 [main] DEBUG nextflow.plugin.PluginsFacade - Plugins default=[]
May-29 21:48:35.608 [main] DEBUG nextflow.plugin.PluginsFacade - Plugins resolved requirement=[]
May-29 21:48:35.622 [main] DEBUG n.secret.LocalSecretsProvider - Secrets store: /.nextflow/secrets/store.json
May-29 21:48:35.632 [main] DEBUG nextflow.secret.SecretsLoader - Discovered secrets providers: [nextflow.secret.LocalSecretsProvider@2e2f720] - activable => nextflow.secret.LocalSecretsProvider@2e2f720
May-29 21:48:35.635 [main] DEBUG nextflow.cli.CmdRun - Applied DSL=2 from script declaration
May-29 21:48:35.663 [main] DEBUG nextflow.cli.CmdRun - Launching `hla_reads_extraction.nf` [loquacious_woese] DSL2 - revision: 8beaa6b333
May-29 21:48:35.723 [main] DEBUG nextflow.Session - Session UUID: 417a3146-168b-441b-b766-475089216715
May-29 21:48:35.723 [main] DEBUG nextflow.Session - Run name: loquacious_woese
May-29 21:48:35.723 [main] DEBUG nextflow.Session - Executor pool size: 64
May-29 21:48:35.732 [main] DEBUG nextflow.file.FilePorter - File porter settings maxRetries=3; maxTransfers=50; pollTimeout=null
May-29 21:48:35.738 [main] DEBUG nextflow.util.ThreadPoolBuilder - Creating thread pool 'FileTransfer' minSize=10; maxSize=192; workQueue=LinkedBlockingQueue[-1]; allowCoreThreadTimeout=false
May-29 21:48:35.760 [main] DEBUG nextflow.cli.CmdRun - 
  Version: 25.10.5 build 12056
  Created: 05-05-2026 11:37 UTC 
  System: Linux 6.8.0-111-generic
  Runtime: Groovy 4.0.28 on OpenJDK 64-Bit Server VM 21.0.11+10-LTS
  Encoding: UTF-8 (UTF-8)
  Process: 3249@eec0b5ddefde [172.17.0.4]
  CPUs: 64 - Mem: 503.5 GB (123.6 GB) - Swap: 8 GB (13.2 MB)
May-29 21:48:35.796 [main] DEBUG nextflow.Session - Work-dir: /data/code/pipeline_nextflow/work [ceph]
May-29 21:48:35.817 [main] DEBUG nextflow.executor.ExecutorFactory - Extension executors providers=[]
May-29 21:48:35.830 [main] DEBUG nextflow.Session - Observer factory (v2): LinObserverFactory
May-29 21:48:35.833 [main] DEBUG nextflow.Session - Observer factory (v2): DefaultObserverFactory
May-29 21:48:35.871 [main] DEBUG nextflow.cache.CacheFactory - Using Nextflow cache factory: nextflow.cache.DefaultCacheFactory
May-29 21:48:35.881 [main] DEBUG nextflow.util.CustomThreadPool - Creating default thread pool > poolSize: 65; maxThreads: 1000
May-29 21:48:36.494 [main] DEBUG nextflow.Session - Session start
May-29 21:48:37.125 [main] DEBUG nextflow.script.ScriptRunner - > Launching execution
May-29 21:48:37.245 [main] DEBUG nextflow.executor.ExecutorFactory - << taskConfig executor: null
May-29 21:48:37.246 [main] DEBUG nextflow.executor.ExecutorFactory - >> processorType: 'local'
May-29 21:48:37.256 [main] DEBUG nextflow.executor.Executor - [warm up] executor > local
May-29 21:48:37.265 [main] DEBUG n.processor.LocalPollingMonitor - Creating local task monitor for executor 'local' > cpus=64; memory=503.5 GB; capacity=64; pollInterval=100ms; dumpInterval=5m
May-29 21:48:37.268 [main] DEBUG n.processor.TaskPollingMonitor - >>> barrier register (monitor: local)
May-29 21:48:37.307 [main] DEBUG nextflow.processor.TaskProcessor - Creating process 'EXTRACT_HLA': maxForks=0; fair=false; array=0
May-29 21:48:37.371 [main] DEBUG nextflow.Session - Workflow process names [dsl2]: EXTRACT_HLA
May-29 21:48:37.373 [main] DEBUG nextflow.Session - Igniting dataflow network (1)
May-29 21:48:37.374 [main] DEBUG nextflow.processor.TaskProcessor - Starting process > EXTRACT_HLA
May-29 21:48:37.376 [main] DEBUG nextflow.script.ScriptRunner - Parsed script files:
  Script_8901507d4eaac791: /data/code/pipeline_nextflow/hla_reads_extraction.nf
May-29 21:48:37.376 [main] DEBUG nextflow.script.ScriptRunner - > Awaiting termination 
May-29 21:48:37.376 [main] DEBUG nextflow.Session - Session await
May-29 21:48:37.652 [Task submitter] DEBUG n.executor.local.LocalTaskHandler - Launch cmd line: /bin/bash -ue .command.run
May-29 21:48:37.657 [Task submitter] INFO  nextflow.Session - [92/f2a7ee] Submitted process > EXTRACT_HLA
May-29 21:48:49.279 [Task monitor] DEBUG n.processor.TaskPollingMonitor - Task completed > TaskHandler[id: 1; name: EXTRACT_HLA; status: COMPLETED; exit: 0; error: -; workDir: /data/code/pipeline_nextflow/work/92/f2a7ee86bb69ffb8b7c9452f632c0b]
May-29 21:48:49.284 [Task monitor] DEBUG nextflow.util.ThreadPoolBuilder - Creating thread pool 'TaskFinalizer' minSize=10; maxSize=192; workQueue=LinkedBlockingQueue[-1]; allowCoreThreadTimeout=false
May-29 21:48:49.394 [TaskFinalizer-1] DEBUG nextflow.util.ThreadPoolBuilder - Creating thread pool 'PublishDir' minSize=10; maxSize=192; workQueue=LinkedBlockingQueue[-1]; allowCoreThreadTimeout=false
May-29 21:48:49.411 [main] DEBUG nextflow.Session - Session await > all processes finished
May-29 21:48:49.450 [Task monitor] DEBUG n.processor.TaskPollingMonitor - <<< barrier arrives (monitor: local) - terminating tasks monitor poll loop
May-29 21:48:49.451 [main] DEBUG nextflow.Session - Session await > all barriers passed
May-29 21:48:49.464 [main] DEBUG nextflow.util.ThreadPoolManager - Thread pool 'TaskFinalizer' shutdown completed (hard=false)
May-29 21:48:49.486 [main] DEBUG nextflow.util.ThreadPoolManager - Thread pool 'PublishDir' shutdown completed (hard=false)
May-29 21:48:49.536 [main] DEBUG n.trace.WorkflowStatsObserver - Workflow completed > WorkflowStats[succeededCount=1; failedCount=0; ignoredCount=0; cachedCount=0; pendingCount=0; submittedCount=0; runningCount=0; retriesCount=0; abortedCount=0; succeedDuration=11.6s; failedDuration=0ms; cachedDuration=0ms;loadCpus=0; loadMemory=0; peakRunning=1; peakCpus=1; peakMemory=0; ]
May-29 21:48:49.779 [main] DEBUG nextflow.cache.CacheDB - Closing CacheDB done
May-29 21:48:49.841 [main] DEBUG nextflow.util.ThreadPoolManager - Thread pool 'FileTransfer' shutdown completed (hard=false)
May-29 21:48:49.842 [main] DEBUG nextflow.script.ScriptRunner - > Execution complete -- Goodbye
