2026-06-03 22:47:21,918 - INFO - # Loaded 25011 commands. Estimated time: 250.11 hours.
2026-06-03 22:47:21,919 - INFO - # [1/25011] Submitting ica command
2026-06-03 22:47:21,939 - ERROR - # - Failed (Exit Code 127): /bin/sh: 1: icav2: not found
2026-06-03 22:47:21,939 - INFO - # - Waiting 35.98s until next execution...

2026-06-03 22:47:29,528 - WARNING - # Execution paused by user (Ctrl+C).
2026-06-03 22:50:02,189 - INFO - # Loaded 25011 commands. Estimated time: 250.11 hours.
2026-06-03 22:50:02,190 - INFO - # [1/25011] Submitting ica command
2026-06-03 22:50:02,209 - ERROR - # - Failed (Exit Code 127): /bin/sh: 1: {icav2}: not found
2026-06-03 22:50:02,210 - INFO - # - Waiting 35.98s until next execution...

2026-06-03 22:50:04,240 - WARNING - # Execution paused by user (Ctrl+C).
2026-06-03 22:51:36,259 - INFO - # Loaded 25011 commands. Estimated time: 250.11 hours.
2026-06-03 22:51:36,260 - INFO - # [1/25011] Submitting ica command
2026-06-03 22:51:38,915 - INFO - # - Success.
2026-06-03 22:51:38,915 - INFO - # - Waiting 33.34s until next execution...

2026-06-03 22:52:12,292 - INFO - # [2/25011] Submitting ica command
2026-06-03 22:52:16,536 - INFO - # - Success.
2026-06-03 22:52:16,536 - INFO - # - Waiting 31.76s until next execution...

2026-06-03 22:52:48,324 - INFO - # [3/25011] Submitting ica command
2026-06-03 22:52:52,420 - INFO - # - Success.
2026-06-03 22:52:52,421 - INFO - # - Waiting 31.90s until next execution...

2026-06-03 22:53:24,356 - INFO - # [4/25011] Submitting ica command
2026-06-03 22:53:28,038 - INFO - # - Success.
2026-06-03 22:53:28,038 - INFO - # - Waiting 32.32s until next execution...

2026-06-03 22:54:00,386 - INFO - # [5/25011] Submitting ica command
2026-06-03 22:54:03,499 - INFO - # - Success.
2026-06-03 22:54:03,499 - INFO - # - Waiting 32.89s until next execution...

2026-06-03 22:54:36,416 - INFO - # [6/25011] Submitting ica command
2026-06-03 22:54:39,605 - INFO - # - Success.
2026-06-03 22:54:39,606 - INFO - # - Waiting 32.81s until next execution...

2026-06-03 22:55:12,428 - INFO - # [7/25011] Submitting ica command
2026-06-03 22:55:18,326 - INFO - # - Success.
2026-06-03 22:55:18,327 - INFO - # - Waiting 30.10s until next execution...

2026-06-03 22:55:31,096 - WARNING - # Execution paused by user (Ctrl+C).
